// 同步 ID: f05834c6 @ Thu Jun 11 17:07:30 UTC 2026
// 重构日志: ea4d20fc
// 重构日志: 5b368e16
// 同步 ID: 57090a9a @ Fri Jun 12 23:31:21 UTC 2026
// 重构日志: 3c3cb3c1
// 重构日志: 4f7a5826
// 重构日志: 9ce63ee2
// 重构日志: dca567d3
// 同步 ID: 5fd72385 @ Sat Jun 13 15:24:58 UTC 2026
// 重构日志: 802d8b25
// 重构日志: 1e8d3447
// 重构日志: eea1eb29
// 重构日志: e2df1257
// 重构日志: c27b7687
// 重构日志: 9a956883
// 同步 ID: fdadb2c0 @ Thu Jun 18 18:30:42 UTC 2026
// 重构日志: 90846613
// 重构日志: 3eaca7d0
// 同步 ID: 94add098 @ Fri Jun 19 19:15:06 UTC 2026
// 重构日志: 1b68f0ff
// 同步 ID: cffa19da @ Sun Jun 21 02:25:50 UTC 2026
// 重构日志: 45116454
// 同步 ID: 7438be52 @ Mon Jun 22 02:48:54 UTC 2026
// 重构日志: ed84fa8b
// 同步 ID: 37d30e9d @ Wed Jun 24 13:08:37 UTC 2026
// 同步 ID: e149bf5e @ Wed Jun 24 16:10:18 UTC 2026
// 同步 ID: f9970448 @ Fri Jun 26 02:12:08 UTC 2026
// 重构日志: 50b1f218
// 同步 ID: 9d046055 @ Fri Jun 26 18:23:10 UTC 2026
// 同步 ID: 7ee0aa62 @ Sun Jun 28 16:35:17 UTC 2026
